<?xml version="1.0" encoding="UTF-8"?>
<!-- Generated by org.testng.reporters.JUnitXMLReporter -->
<testsuite ignored="0" hostname="DESKTOP-EVUMI0M" failures="11" tests="11" name="Default test" time="1.591" errors="0" timestamp="2021-11-21T05:28:08 IST">
  <testcase classname="io.cucumber.testng.AbstractTestNGCucumberTests" name="runScenario" time="0.811">
    <failure type="java.lang.NullPointerException">
      <![CDATA[java.lang.NullPointerException
at com.mindtree.stepDefinitions.AddtoCartstepDefinition.user_lands_on_home_page(AddtoCartstepDefinition.java:29)
at ✽.User lands on Home Page(file:///C:/Users/Hp/eclipse-workspace/CaseStudyBDD/./features/AddtoCart.feature:5)
]]>
    </failure>
  </testcase> <!-- runScenario -->
  <testcase classname="io.cucumber.testng.AbstractTestNGCucumberTests" name="runScenario" time="0.026">
    <failure type="java.lang.NullPointerException">
      <![CDATA[java.lang.NullPointerException
at com.mindtree.stepDefinitions.AddtoCartstepDefinition.user_lands_on_home_page(AddtoCartstepDefinition.java:29)
at ✽.User lands on Home Page(file:///C:/Users/Hp/eclipse-workspace/CaseStudyBDD/./features/AllofIt.feature:5)
]]>
    </failure>
  </testcase> <!-- runScenario -->
  <testcase classname="io.cucumber.testng.AbstractTestNGCucumberTests" name="runScenario" time="0.036">
    <failure type="java.lang.NullPointerException">
      <![CDATA[java.lang.NullPointerException
at com.mindtree.stepDefinitions.AddtoCartstepDefinition.user_lands_on_home_page(AddtoCartstepDefinition.java:29)
at ✽.User lands on Home Page(file:///C:/Users/Hp/eclipse-workspace/CaseStudyBDD/./features/Contact.feature:5)
]]>
    </failure>
  </testcase> <!-- runScenario -->
  <testcase classname="io.cucumber.testng.AbstractTestNGCucumberTests" name="runScenario" time="0.028">
    <failure type="java.lang.NullPointerException">
      <![CDATA[java.lang.NullPointerException
at com.mindtree.stepDefinitions.AddtoCartstepDefinition.user_lands_on_home_page(AddtoCartstepDefinition.java:29)
at ✽.User lands on Home Page(file:///C:/Users/Hp/eclipse-workspace/CaseStudyBDD/./features/GiftCard.feature:5)
]]>
    </failure>
  </testcase> <!-- runScenario -->
  <testcase classname="io.cucumber.testng.AbstractTestNGCucumberTests" name="runScenario" time="0.053">
    <failure type="java.lang.NullPointerException">
      <![CDATA[java.lang.NullPointerException
at com.mindtree.stepDefinitions.AddtoCartstepDefinition.user_lands_on_home_page(AddtoCartstepDefinition.java:29)
at ✽.User lands on Home Page(file:///C:/Users/Hp/eclipse-workspace/CaseStudyBDD/./features/HomePage.feature:5)
]]>
    </failure>
  </testcase> <!-- runScenario -->
  <testcase classname="io.cucumber.testng.AbstractTestNGCucumberTests" name="runScenario" time="0.027">
    <failure type="java.lang.NullPointerException">
      <![CDATA[java.lang.NullPointerException
at com.mindtree.stepDefinitions.AddtoCartstepDefinition.user_lands_on_home_page(AddtoCartstepDefinition.java:29)
at ✽.User lands on Home Page(file:///C:/Users/Hp/eclipse-workspace/CaseStudyBDD/./features/LoginTest.feature:5)
]]>
    </failure>
  </testcase> <!-- runScenario -->
  <testcase classname="io.cucumber.testng.AbstractTestNGCucumberTests" name="runScenario" time="0.02">
    <failure type="java.lang.NullPointerException">
      <![CDATA[java.lang.NullPointerException
at com.mindtree.stepDefinitions.AddtoCartstepDefinition.user_lands_on_home_page(AddtoCartstepDefinition.java:29)
at ✽.User lands on Home Page(file:///C:/Users/Hp/eclipse-workspace/CaseStudyBDD/./features/Newsletter.feature:4)
]]>
    </failure>
  </testcase> <!-- runScenario -->
  <testcase classname="io.cucumber.testng.AbstractTestNGCucumberTests" name="runScenario" time="0.038">
    <failure type="java.lang.NullPointerException">
      <![CDATA[java.lang.NullPointerException
at com.mindtree.stepDefinitions.AddtoCartstepDefinition.user_lands_on_home_page(AddtoCartstepDefinition.java:29)
at ✽.User lands on Home Page(file:///C:/Users/Hp/eclipse-workspace/CaseStudyBDD/./features/OfficialMerch.feature:5)
]]>
    </failure>
  </testcase> <!-- runScenario -->
  <testcase classname="io.cucumber.testng.AbstractTestNGCucumberTests" name="runScenario" time="0.015">
    <failure type="java.lang.NullPointerException">
      <![CDATA[java.lang.NullPointerException
at com.mindtree.stepDefinitions.AddtoCartstepDefinition.user_lands_on_home_page(AddtoCartstepDefinition.java:29)
at ✽.User lands on Home Page(file:///C:/Users/Hp/eclipse-workspace/CaseStudyBDD/./features/SearchBar.feature:5)
]]>
    </failure>
  </testcase> <!-- runScenario -->
  <testcase classname="io.cucumber.testng.AbstractTestNGCucumberTests" name="runScenario" time="0.013">
    <failure type="java.lang.NullPointerException">
      <![CDATA[java.lang.NullPointerException
at com.mindtree.stepDefinitions.AddtoCartstepDefinition.user_lands_on_home_page(AddtoCartstepDefinition.java:29)
at ✽.User lands on Home Page(file:///C:/Users/Hp/eclipse-workspace/CaseStudyBDD/./features/SortItem.feature:5)
]]>
    </failure>
  </testcase> <!-- runScenario -->
  <testcase classname="io.cucumber.testng.AbstractTestNGCucumberTests" name="runScenario" time="0.012">
    <failure type="java.lang.NullPointerException">
      <![CDATA[java.lang.NullPointerException
at com.mindtree.stepDefinitions.AddtoCartstepDefinition.user_lands_on_home_page(AddtoCartstepDefinition.java:29)
at ✽.User lands on Home Page(file:///C:/Users/Hp/eclipse-workspace/CaseStudyBDD/./features/WishList.feature:5)
]]>
    </failure>
  </testcase> <!-- runScenario -->
</testsuite> <!-- Default test -->
